
> lobsterai@0.1.16 dev
> vite

[33mThe CJS build of Vite's Node API is deprecated. See https://vite.dev/guide/troubleshooting.html#vite-cjs-node-api-deprecated for more details.[39m
Re-optimizing dependencies because vite config has changed

  [32m[1mVITE[22m v5.4.21[39m  [2mready in [0m[1m340[22m[2m[0m ms[22m

  [32m➜[39m  [1mLocal[22m:   [36mhttp://localhost:[1m5175[22m/[39m
  [32m➜[39m  [1mNetwork[22m: [36mhttp://192.168.1.11:[1m5175[22m/[39m
[36mvite v5.4.21 [32mbuilding for development...[36m[39m
[36m
watching for file changes...[39m
[36mvite v5.4.21 [32mbuilding for development...[36m[39m
[36m
watching for file changes...[39m
[36m
build started...[39m
[36m
build started...[39m
transforming...
[32m✓[39m 1 modules transformed.
transforming...
rendering chunks...
computing gzip size...
[2mdist-electron/[22m[36mpreload.js  [39m[1m[2m11.96 kB[22m[1m[22m[2m │ gzip: 2.16 kB[22m[2m │ map: 23.04 kB[22m
[36mbuilt in 460ms.[39m
[32m✓[39m 631 modules transformed.
rendering chunks...
computing gzip size...
[2mdist-electron/[22m[36mmain.js                       [39m[1m[2m    0.18 kB[22m[1m[22m[2m │ gzip:   0.13 kB[22m[2m │ map:     0.10 kB[22m
[2mdist-electron/[22m[36mindex-DVtvQo0t.js             [39m[1m[2m   10.06 kB[22m[1m[22m[2m │ gzip:   3.11 kB[22m[2m │ map:    15.69 kB[22m
[2mdist-electron/[22m[36mwebsocket-server--gcNBLzo.js  [39m[1m[2m   90.96 kB[22m[1m[22m[2m │ gzip:  18.07 kB[22m[2m │ map:   189.84 kB[22m
[2mdist-electron/[22m[36mmain-CVQPpWGL.js              [39m[1m[33m2,798.23 kB[39m[22m[2m │ gzip: 502.03 kB[22m[2m │ map: 3,709.99 kB[22m
[2mdist-electron/[22m[36mindex-36YODqBx.js             [39m[1m[33m3,626.85 kB[39m[22m[2m │ gzip: 232.29 kB[22m[2m │ map: 6,640.92 kB[22m
[36mbuilt in 8557ms.[39m
